19-May-2024 15:42:10.711 INFO [main] org.apache.catalina.startup.VersionLoggerListener.log Имя версии сервера:    Apache Tomcat/10.1.23
19-May-2024 15:42:10.713 INFO [main] org.apache.catalina.startup.VersionLoggerListener.log Сервер собран:         Apr 16 2024 12:17:18 UTC
19-May-2024 15:42:10.713 INFO [main] org.apache.catalina.startup.VersionLoggerListener.log Номер версии сервера:  10.1.23.0
19-May-2024 15:42:10.713 INFO [main] org.apache.catalina.startup.VersionLoggerListener.log OS Name:               Mac OS X
19-May-2024 15:42:10.713 INFO [main] org.apache.catalina.startup.VersionLoggerListener.log Версия ОС:             14.4.1
19-May-2024 15:42:10.713 INFO [main] org.apache.catalina.startup.VersionLoggerListener.log Архитектура:           aarch64
19-May-2024 15:42:10.713 INFO [main] org.apache.catalina.startup.VersionLoggerListener.log Java Home:             /Library/Java/JavaVirtualMachines/jdk-21.jdk/Contents/Home
19-May-2024 15:42:10.713 INFO [main] org.apache.catalina.startup.VersionLoggerListener.log Версия JVM:            21.0.2+13-LTS-58
19-May-2024 15:42:10.713 INFO [main] org.apache.catalina.startup.VersionLoggerListener.log Производитель JVM:     Oracle Corporation
19-May-2024 15:42:10.713 INFO [main] org.apache.catalina.startup.VersionLoggerListener.log CATALINA_BASE:         /Users/bezshliaha/Desktop/Homework/Spring-Web-MVC-Contact/Catalina
19-May-2024 15:42:10.713 INFO [main] org.apache.catalina.startup.VersionLoggerListener.log CATALINA_HOME:         /Users/bezshliaha/Downloads/apache-tomcat-10.1.23
19-May-2024 15:42:10.720 INFO [main] org.apache.catalina.startup.VersionLoggerListener.log Command line argument: --add-opens=java.base/java.lang=ALL-UNNAMED
19-May-2024 15:42:10.720 INFO [main] org.apache.catalina.startup.VersionLoggerListener.log Command line argument: --add-opens=java.base/java.io=ALL-UNNAMED
19-May-2024 15:42:10.720 INFO [main] org.apache.catalina.startup.VersionLoggerListener.log Command line argument: --add-opens=java.base/java.util=ALL-UNNAMED
19-May-2024 15:42:10.720 INFO [main] org.apache.catalina.startup.VersionLoggerListener.log Command line argument: --add-opens=java.base/java.util.concurrent=ALL-UNNAMED
19-May-2024 15:42:10.720 INFO [main] org.apache.catalina.startup.VersionLoggerListener.log Command line argument: --add-opens=java.rmi/sun.rmi.transport=ALL-UNNAMED
19-May-2024 15:42:10.720 INFO [main] org.apache.catalina.startup.VersionLoggerListener.log Command line argument: -Dcatalina.home=/Users/bezshliaha/Downloads/apache-tomcat-10.1.23
19-May-2024 15:42:10.720 INFO [main] org.apache.catalina.startup.VersionLoggerListener.log Command line argument: -Dcatalina.base=/Users/bezshliaha/Desktop/Homework/Spring-Web-MVC-Contact/Catalina
19-May-2024 15:42:10.720 INFO [main] org.apache.catalina.startup.VersionLoggerListener.log Command line argument: -Djava.io.tmpdir=/Users/bezshliaha/Desktop/Homework/Spring-Web-MVC-Contact/Catalina/temp
19-May-2024 15:42:10.720 INFO [main] org.apache.catalina.startup.VersionLoggerListener.log Command line argument: -Djava.util.logging.config.file=/Users/bezshliaha/Desktop/Homework/Spring-Web-MVC-Contact/Catalina/conf/logging.properties
19-May-2024 15:42:10.720 INFO [main] org.apache.catalina.startup.VersionLoggerListener.log Command line argument: -Djava.util.logging.manager=org.apache.juli.ClassLoaderLogManager
19-May-2024 15:42:10.720 INFO [main] org.apache.catalina.startup.VersionLoggerListener.log Command line argument: -javaagent:/Applications/IntelliJ IDEA CE.app/Contents/lib/idea_rt.jar=53289:/Applications/IntelliJ IDEA CE.app/Contents/bin
19-May-2024 15:42:10.721 INFO [main] org.apache.catalina.startup.VersionLoggerListener.log Command line argument: -Dfile.encoding=UTF-8
19-May-2024 15:42:10.721 INFO [main] org.apache.catalina.startup.VersionLoggerListener.log Command line argument: -Dsun.stdout.encoding=UTF-8
19-May-2024 15:42:10.721 INFO [main] org.apache.catalina.startup.VersionLoggerListener.log Command line argument: -Dsun.stderr.encoding=UTF-8
19-May-2024 15:42:10.725 INFO [main] org.apache.catalina.core.AprLifecycleListener.lifecycleEvent The Apache Tomcat Native library which allows using OpenSSL was not found on the java.library.path: [/Users/bezshliaha/Library/Java/Extensions:/Library/Java/Extensions:/Network/Library/Java/Extensions:/System/Library/Java/Extensions:/usr/lib/java:.]
19-May-2024 15:42:10.876 INFO [main] org.apache.coyote.AbstractProtocol.init Инициализация ProtocolHandler ["http-nio-8080"]
19-May-2024 15:42:10.883 SEVERE [main] org.apache.catalina.util.LifecycleBase.handleSubClassException Ошибка инициализации компонента [Connector["http-nio-8080"]]
	org.apache.catalina.LifecycleException: Protocol handler initialization failed
		at org.apache.catalina.connector.Connector.initInternal(Connector.java:1016)
		at org.apache.catalina.util.LifecycleBase.init(LifecycleBase.java:127)
		at org.apache.catalina.core.StandardService.initInternal(StandardService.java:578)
		at org.apache.catalina.util.LifecycleBase.init(LifecycleBase.java:127)
		at org.apache.catalina.core.StandardServer.initInternal(StandardServer.java:1039)
		at org.apache.catalina.util.LifecycleBase.init(LifecycleBase.java:127)
		at org.apache.catalina.startup.Catalina.load(Catalina.java:708)
		at org.apache.catalina.startup.Catalina.load(Catalina.java:731)
		at java.base/jdk.internal.reflect.DirectMethodHandleAccessor.invoke(DirectMethodHandleAccessor.java:103)
		at java.base/java.lang.reflect.Method.invoke(Method.java:580)
		at org.apache.catalina.startup.Bootstrap.load(Bootstrap.java:302)
		at org.apache.catalina.startup.Bootstrap.main(Bootstrap.java:472)
	Caused by: java.net.BindException: Address already in use
		at java.base/sun.nio.ch.Net.bind0(Native Method)
		at java.base/sun.nio.ch.Net.bind(Net.java:565)
		at java.base/sun.nio.ch.ServerSocketChannelImpl.netBind(ServerSocketChannelImpl.java:344)
		at java.base/sun.nio.ch.ServerSocketChannelImpl.bind(ServerSocketChannelImpl.java:301)
		at org.apache.tomcat.util.net.NioEndpoint.initServerSocket(NioEndpoint.java:239)
		at org.apache.tomcat.util.net.NioEndpoint.bind(NioEndpoint.java:194)
		at org.apache.tomcat.util.net.AbstractEndpoint.bindWithCleanup(AbstractEndpoint.java:1307)
		at org.apache.tomcat.util.net.AbstractEndpoint.init(AbstractEndpoint.java:1320)
		at org.apache.coyote.AbstractProtocol.init(AbstractProtocol.java:624)
		at org.apache.coyote.http11.AbstractHttp11Protocol.init(AbstractHttp11Protocol.java:77)
		at org.apache.catalina.connector.Connector.initInternal(Connector.java:1014)
		... 11 more
19-May-2024 15:42:10.884 INFO [main] org.apache.catalina.startup.Catalina.load Server initialization in [274] milliseconds
19-May-2024 15:42:10.902 INFO [main] org.apache.catalina.core.StandardService.startInternal Starting service [Catalina]
19-May-2024 15:42:10.902 INFO [main] org.apache.catalina.core.StandardEngine.startInternal Starting Servlet engine: [Apache Tomcat/10.1.23]
19-May-2024 15:42:10.906 INFO [main] org.apache.catalina.startup.HostConfig.deployDescriptor Deploying deployment descriptor [/Users/bezshliaha/Desktop/Homework/Spring-Web-MVC-Contact/Catalina/conf/Catalina/localhost/ROOT.xml]
19-May-2024 15:42:11.928 INFO [main] org.apache.jasper.servlet.TldScanner.scanJars At least one JAR was scanned for TLDs yet contained no TLDs. Enable debug logging for this logger for a complete list of JARs that were scanned but no TLDs were found in them. Skipping unneeded JARs during scanning can improve startup time and JSP compilation time.
19-May-2024 15:42:11.968 INFO [main] org.springframework.web.context.ContextLoader.initWebApplicationContext Root WebApplicationContext: initialization started
19-May-2024 15:42:12.253 INFO [main] org.hibernate.Version.logVersion HHH000412: Hibernate ORM core version 6.4.4.Final
19-May-2024 15:42:12.314 INFO [main] org.hibernate.cache.internal.RegionFactoryInitiator.initiateService HHH000026: Second-level cache disabled
19-May-2024 15:42:12.765 WARN [main] org.hibernate.engine.jdbc.dialect.internal.DialectFactoryImpl.constructDialect HHH90000025: MySQLDialect does not need to be specified explicitly using 'hibernate.dialect' (remove the property setting and it will be selected by default)
19-May-2024 15:42:13.477 INFO [main] org.hibernate.engine.transaction.jta.platform.internal.JtaPlatformInitiator.initiateService HHH000489: No JTA platform available (set 'hibernate.transaction.jta.platform' to enable JTA platform integration)
19-May-2024 15:42:13.567 INFO [main] org.springframework.web.context.ContextLoader.initWebApplicationContext Root WebApplicationContext initialized in 1599 ms
19-May-2024 15:42:13.575 INFO [main] org.springframework.web.servlet.FrameworkServlet.initServletBean Initializing Servlet 'dispatcher'
19-May-2024 15:42:13.629 INFO [main] org.hibernate.cache.internal.RegionFactoryInitiator.initiateService HHH000026: Second-level cache disabled
19-May-2024 15:42:13.643 WARN [main] org.hibernate.engine.jdbc.dialect.internal.DialectFactoryImpl.constructDialect HHH90000025: MySQLDialect does not need to be specified explicitly using 'hibernate.dialect' (remove the property setting and it will be selected by default)
19-May-2024 15:42:13.659 INFO [main] org.hibernate.engine.transaction.jta.platform.internal.JtaPlatformInitiator.initiateService HHH000489: No JTA platform available (set 'hibernate.transaction.jta.platform' to enable JTA platform integration)
19-May-2024 15:42:13.829 INFO [main] org.springframework.web.servlet.FrameworkServlet.initServletBean Completed initialization in 254 ms
19-May-2024 15:42:13.836 INFO [main] org.apache.catalina.startup.HostConfig.deployDescriptor Deployment of deployment descriptor [/Users/bezshliaha/Desktop/Homework/Spring-Web-MVC-Contact/Catalina/conf/Catalina/localhost/ROOT.xml] has finished in [2 928] ms
19-May-2024 15:42:13.837 INFO [main] org.apache.catalina.startup.Catalina.start Server startup in [2952] milliseconds
19-May-2024 15:42:13.838 SEVERE [main] org.apache.catalina.core.StandardServer.await Failed to create server shutdown socket on address [localhost] and port [8005] (base port [8005] and offset [0])
	java.net.BindException: Address already in use
		at java.base/sun.nio.ch.Net.bind0(Native Method)
		at java.base/sun.nio.ch.Net.bind(Net.java:565)
		at java.base/sun.nio.ch.Net.bind(Net.java:554)
		at java.base/sun.nio.ch.NioSocketImpl.bind(NioSocketImpl.java:636)
		at java.base/java.net.ServerSocket.bind(ServerSocket.java:391)
		at java.base/java.net.ServerSocket.<init>(ServerSocket.java:278)
		at org.apache.catalina.core.StandardServer.await(StandardServer.java:587)
		at org.apache.catalina.startup.Catalina.await(Catalina.java:847)
		at org.apache.catalina.startup.Catalina.start(Catalina.java:795)
		at java.base/jdk.internal.reflect.DirectMethodHandleAccessor.invoke(DirectMethodHandleAccessor.java:103)
		at java.base/java.lang.reflect.Method.invoke(Method.java:580)
		at org.apache.catalina.startup.Bootstrap.start(Bootstrap.java:345)
		at org.apache.catalina.startup.Bootstrap.main(Bootstrap.java:473)
19-May-2024 15:42:13.838 INFO [main] org.apache.coyote.AbstractProtocol.pause Pausing ProtocolHandler ["http-nio-8080"]
19-May-2024 15:42:13.838 INFO [main] org.apache.catalina.core.StandardService.stopInternal Stopping service [Catalina]
19-May-2024 15:42:13.842 WARNING [main] org.apache.catalina.loader.WebappClassLoaderBase.clearReferencesJdbc The web application [ROOT] registered the JDBC driver [com.mysql.cj.jdbc.Driver] but failed to unregister it when the web application was stopped. To prevent a memory leak, the JDBC Driver has been forcibly unregistered.
19-May-2024 15:42:13.842 WARNING [main] org.apache.catalina.loader.WebappClassLoaderBase.clearReferencesThreads The web application [ROOT] appears to have started a thread named [mysql-cj-abandoned-connection-cleanup] but has failed to stop it. This is very likely to create a memory leak. Stack trace of thread:
 java.base/jdk.internal.misc.Unsafe.park(Native Method)
 java.base/java.util.concurrent.locks.LockSupport.parkNanos(LockSupport.java:269)
 java.base/java.util.concurrent.locks.AbstractQueuedSynchronizer$ConditionObject.await(AbstractQueuedSynchronizer.java:1847)
 java.base/java.lang.ref.ReferenceQueue.await(ReferenceQueue.java:71)
 java.base/java.lang.ref.ReferenceQueue.remove0(ReferenceQueue.java:143)
 java.base/java.lang.ref.ReferenceQueue.remove(ReferenceQueue.java:218)
 com.mysql.cj.jdbc.AbandonedConnectionCleanupThread.run(AbandonedConnectionCleanupThread.java:93)
 java.base/java.util.concurrent.ThreadPoolExecutor.runWorker(ThreadPoolExecutor.java:1144)
 java.base/java.util.concurrent.ThreadPoolExecutor$Worker.run(ThreadPoolExecutor.java:642)
 java.base/java.lang.Thread.run(Thread.java:1583)
19-May-2024 15:42:13.846 INFO [main] org.apache.coyote.AbstractProtocol.stop Stopping ProtocolHandler ["http-nio-8080"]
19-May-2024 15:42:13.847 INFO [main] org.apache.coyote.AbstractProtocol.destroy Destroying ProtocolHandler ["http-nio-8080"]
